2021-09-06 15:23:51.465  INFO 24680 --- [restartedMain] c.e.logindemo.LoginDemoApplication       : Starting LoginDemoApplication using Java 11.0.11 on LAPTOP-6PA35U22 with PID 24680 (F:\IdeaWorkplace\SpringBoot\logindemo\build\classes\java\main started by hrh13 in F:\IdeaWorkplace\SpringBoot\logindemo)
2021-09-06 15:23:51.467  INFO 24680 --- [restartedMain] c.e.logindemo.LoginDemoApplication       : No active profile set, falling back to default profiles: default
2021-09-06 15:23:51.498  INFO 24680 --- [restartedMain] .e.DevToolsPropertyDefaultsPostProcessor : Devtools property defaults active! Set 'spring.devtools.add-properties' to 'false' to disable
2021-09-06 15:23:51.498  INFO 24680 --- [restartedMain] .e.DevToolsPropertyDefaultsPostProcessor : For additional web related logging consider setting the 'logging.level.web' property to 'DEBUG'
2021-09-06 15:23:52.073  INFO 24680 --- [restartedMain] .s.d.r.c.RepositoryConfigurationDelegate : Multiple Spring Data modules found, entering strict repository configuration mode!
2021-09-06 15:23:52.073  INFO 24680 --- [restartedMain] .s.d.r.c.RepositoryConfigurationDelegate : Bootstrapping Spring Data JPA repositories in DEFAULT mode.
2021-09-06 15:23:52.143  INFO 24680 --- [restartedMain] .s.d.r.c.RepositoryConfigurationDelegate : Finished Spring Data repository scanning in 64 ms. Found 6 JPA repository interfaces.
2021-09-06 15:23:52.154  INFO 24680 --- [restartedMain] .s.d.r.c.RepositoryConfigurationDelegate : Multiple Spring Data modules found, entering strict repository configuration mode!
2021-09-06 15:23:52.155  INFO 24680 --- [restartedMain] .s.d.r.c.RepositoryConfigurationDelegate : Bootstrapping Spring Data Redis repositories in DEFAULT mode.
2021-09-06 15:23:52.168  INFO 24680 --- [restartedMain] .RepositoryConfigurationExtensionSupport : Spring Data Redis - Could not safely identify store assignment for repository candidate interface com.example.logindemo.dao.EmployeeDao. If you want this repository to be a Redis repository, consider annotating your entities with one of these annotations: org.springframework.data.redis.core.RedisHash (preferred), or consider extending one of the following types with your repository: org.springframework.data.keyvalue.repository.KeyValueRepository.
2021-09-06 15:23:52.168  INFO 24680 --- [restartedMain] .RepositoryConfigurationExtensionSupport : Spring Data Redis - Could not safely identify store assignment for repository candidate interface com.example.logindemo.dao.EmployeeRoleDao. If you want this repository to be a Redis repository, consider annotating your entities with one of these annotations: org.springframework.data.redis.core.RedisHash (preferred), or consider extending one of the following types with your repository: org.springframework.data.keyvalue.repository.KeyValueRepository.
2021-09-06 15:23:52.169  INFO 24680 --- [restartedMain] .RepositoryConfigurationExtensionSupport : Spring Data Redis - Could not safely identify store assignment for repository candidate interface com.example.logindemo.dao.PermissionDao. If you want this repository to be a Redis repository, consider annotating your entities with one of these annotations: org.springframework.data.redis.core.RedisHash (preferred), or consider extending one of the following types with your repository: org.springframework.data.keyvalue.repository.KeyValueRepository.
2021-09-06 15:23:52.169  INFO 24680 --- [restartedMain] .RepositoryConfigurationExtensionSupport : Spring Data Redis - Could not safely identify store assignment for repository candidate interface com.example.logindemo.dao.RoleDao. If you want this repository to be a Redis repository, consider annotating your entities with one of these annotations: org.springframework.data.redis.core.RedisHash (preferred), or consider extending one of the following types with your repository: org.springframework.data.keyvalue.repository.KeyValueRepository.
2021-09-06 15:23:52.169  INFO 24680 --- [restartedMain] .RepositoryConfigurationExtensionSupport : Spring Data Redis - Could not safely identify store assignment for repository candidate interface com.example.logindemo.dao.RolePermissionDao. If you want this repository to be a Redis repository, consider annotating your entities with one of these annotations: org.springframework.data.redis.core.RedisHash (preferred), or consider extending one of the following types with your repository: org.springframework.data.keyvalue.repository.KeyValueRepository.
2021-09-06 15:23:52.170  INFO 24680 --- [restartedMain] .RepositoryConfigurationExtensionSupport : Spring Data Redis - Could not safely identify store assignment for repository candidate interface com.example.logindemo.dao.UserDao. If you want this repository to be a Redis repository, consider annotating your entities with one of these annotations: org.springframework.data.redis.core.RedisHash (preferred), or consider extending one of the following types with your repository: org.springframework.data.keyvalue.repository.KeyValueRepository.
2021-09-06 15:23:52.170  INFO 24680 --- [restartedMain] .s.d.r.c.RepositoryConfigurationDelegate : Finished Spring Data repository scanning in 9 ms. Found 0 Redis repository interfaces.
2021-09-06 15:23:52.338  INFO 24680 --- [restartedMain] trationDelegate$BeanPostProcessorChecker : Bean 'shiroConfig' of type [com.example.logindemo.shiro.ShiroConfig$$EnhancerBySpringCGLIB$$18adee69] is not eligible for getting processed by all BeanPostProcessors (for example: not eligible for auto-proxying)
2021-09-06 15:23:52.359  INFO 24680 --- [restartedMain] trationDelegate$BeanPostProcessorChecker : Bean 'org.springframework.boot.autoconfigure.data.redis.RedisAutoConfiguration' of type [org.springframework.boot.autoconfigure.data.redis.RedisAutoConfiguration] is not eligible for getting processed by all BeanPostProcessors (for example: not eligible for auto-proxying)
2021-09-06 15:23:52.368  INFO 24680 --- [restartedMain] trationDelegate$BeanPostProcessorChecker : Bean 'spring.redis-org.springframework.boot.autoconfigure.data.redis.RedisProperties' of type [org.springframework.boot.autoconfigure.data.redis.RedisProperties] is not eligible for getting processed by all BeanPostProcessors (for example: not eligible for auto-proxying)
2021-09-06 15:23:52.370  INFO 24680 --- [restartedMain] trationDelegate$BeanPostProcessorChecker : Bean 'org.springframework.boot.autoconfigure.data.redis.LettuceConnectionConfiguration' of type [org.springframework.boot.autoconfigure.data.redis.LettuceConnectionConfiguration] is not eligible for getting processed by all BeanPostProcessors (for example: not eligible for auto-proxying)
2021-09-06 15:23:52.427  INFO 24680 --- [restartedMain] trationDelegate$BeanPostProcessorChecker : Bean 'lettuceClientResources' of type [io.lettuce.core.resource.DefaultClientResources] is not eligible for getting processed by all BeanPostProcessors (for example: not eligible for auto-proxying)
2021-09-06 15:23:52.468  INFO 24680 --- [restartedMain] trationDelegate$BeanPostProcessorChecker : Bean 'redisConnectionFactory' of type [org.springframework.data.redis.connection.lettuce.LettuceConnectionFactory] is not eligible for getting processed by all BeanPostProcessors (for example: not eligible for auto-proxying)
2021-09-06 15:23:52.506  INFO 24680 --- [restartedMain] trationDelegate$BeanPostProcessorChecker : Bean 'stringRedisTemplate' of type [org.springframework.data.redis.core.StringRedisTemplate] is not eligible for getting processed by all BeanPostProcessors (for example: not eligible for auto-proxying)
2021-09-06 15:23:52.507  INFO 24680 --- [restartedMain] trationDelegate$BeanPostProcessorChecker : Bean 'redisService' of type [com.example.logindemo.service.RedisService] is not eligible for getting processed by all BeanPostProcessors (for example: not eligible for auto-proxying)
2021-09-06 15:23:52.527  INFO 24680 --- [restartedMain] trationDelegate$BeanPostProcessorChecker : Bean '(inner bean)#8faf245' of type [org.springframework.beans.factory.config.PropertiesFactoryBean] is not eligible for getting processed by all BeanPostProcessors (for example: not eligible for auto-proxying)
2021-09-06 15:23:52.527  INFO 24680 --- [restartedMain] trationDelegate$BeanPostProcessorChecker : Bean '(inner bean)#8faf245' of type [java.util.Properties] is not eligible for getting processed by all BeanPostProcessors (for example: not eligible for auto-proxying)
2021-09-06 15:23:52.528  INFO 24680 --- [restartedMain] trationDelegate$BeanPostProcessorChecker : Bean '(inner bean)#1ce9a68c' of type [org.springframework.data.repository.core.support.PropertiesBasedNamedQueries] is not eligible for getting processed by all BeanPostProcessors (for example: not eligible for auto-proxying)
2021-09-06 15:23:52.530  INFO 24680 --- [restartedMain] trationDelegate$BeanPostProcessorChecker : Bean '(inner bean)#5cf05512' of type [org.springframework.data.repository.core.support.RepositoryFragmentsFactoryBean] is not eligible for getting processed by all BeanPostProcessors (for example: not eligible for auto-proxying)
2021-09-06 15:23:52.530  INFO 24680 --- [restartedMain] trationDelegate$BeanPostProcessorChecker : Bean '(inner bean)#5cf05512' of type [org.springframework.data.repository.core.support.RepositoryComposition$RepositoryFragments] is not eligible for getting processed by all BeanPostProcessors (for example: not eligible for auto-proxying)
2021-09-06 15:23:52.532  INFO 24680 --- [restartedMain] trationDelegate$BeanPostProcessorChecker : Bean 'org.springframework.boot.autoconfigure.sql.init.DataSourceInitializationConfiguration' of type [org.springframework.boot.autoconfigure.sql.init.DataSourceInitializationConfiguration] is not eligible for getting processed by all BeanPostProcessors (for example: not eligible for auto-proxying)
2021-09-06 15:23:52.533  INFO 24680 --- [restartedMain] trationDelegate$BeanPostProcessorChecker : Bean 'org.springframework.boot.autoconfigure.jdbc.DataSourceConfiguration$Hikari' of type [org.springframework.boot.autoconfigure.jdbc.DataSourceConfiguration$Hikari] is not eligible for getting processed by all BeanPostProcessors (for example: not eligible for auto-proxying)
2021-09-06 15:23:52.540  INFO 24680 --- [restartedMain] trationDelegate$BeanPostProcessorChecker : Bean 'spring.datasource-org.springframework.boot.autoconfigure.jdbc.DataSourceProperties' of type [org.springframework.boot.autoconfigure.jdbc.DataSourceProperties] is not eligible for getting processed by all BeanPostProcessors (for example: not eligible for auto-proxying)
2021-09-06 15:23:52.552  INFO 24680 --- [restartedMain] trationDelegate$BeanPostProcessorChecker : Bean 'dataSource' of type [com.zaxxer.hikari.HikariDataSource] is not eligible for getting processed by all BeanPostProcessors (for example: not eligible for auto-proxying)
2021-09-06 15:23:52.554  INFO 24680 --- [restartedMain] trationDelegate$BeanPostProcessorChecker : Bean 'spring.sql.init-org.springframework.boot.autoconfigure.sql.init.SqlInitializationProperties' of type [org.springframework.boot.autoconfigure.sql.init.SqlInitializationProperties] is not eligible for getting processed by all BeanPostProcessors (for example: not eligible for auto-proxying)
2021-09-06 15:23:52.556  INFO 24680 --- [restartedMain] trationDelegate$BeanPostProcessorChecker : Bean 'dataSourceScriptDatabaseInitializer' of type [org.springframework.boot.jdbc.init.DataSourceScriptDatabaseInitializer] is not eligible for getting processed by all BeanPostProcessors (for example: not eligible for auto-proxying)
2021-09-06 15:23:52.556  INFO 24680 --- [restartedMain] trationDelegate$BeanPostProcessorChecker : Bean 'org.springframework.boot.devtools.autoconfigure.DevToolsDataSourceAutoConfiguration' of type [org.springframework.boot.devtools.autoconfigure.DevToolsDataSourceAutoConfiguration] is not eligible for getting processed by all BeanPostProcessors (for example: not eligible for auto-proxying)
2021-09-06 15:23:52.557  INFO 24680 --- [restartedMain] trationDelegate$BeanPostProcessorChecker : Bean 'inMemoryDatabaseShutdownExecutor' of type [org.springframework.boot.devtools.autoconfigure.DevToolsDataSourceAutoConfiguration$NonEmbeddedInMemoryDatabaseShutdownExecutor] is not eligible for getting processed by all BeanPostProcessors (for example: not eligible for auto-proxying)
2021-09-06 15:23:52.559  INFO 24680 --- [restartedMain] trationDelegate$BeanPostProcessorChecker : Bean 'spring.jpa-org.springframework.boot.autoconfigure.orm.jpa.JpaProperties' of type [org.springframework.boot.autoconfigure.orm.jpa.JpaProperties] is not eligible for getting processed by all BeanPostProcessors (for example: not eligible for auto-proxying)
2021-09-06 15:23:52.561  INFO 24680 --- [restartedMain] trationDelegate$BeanPostProcessorChecker : Bean 'spring.jpa.hibernate-org.springframework.boot.autoconfigure.orm.jpa.HibernateProperties' of type [org.springframework.boot.autoconfigure.orm.jpa.HibernateProperties] is not eligible for getting processed by all BeanPostProcessors (for example: not eligible for auto-proxying)
2021-09-06 15:23:52.563  INFO 24680 --- [restartedMain] trationDelegate$BeanPostProcessorChecker : Bean 'org.springframework.boot.autoconfigure.jdbc.metadata.DataSourcePoolMetadataProvidersConfiguration$HikariPoolDataSourceMetadataProviderConfiguration' of type [org.springframework.boot.autoconfigure.jdbc.metadata.DataSourcePoolMetadataProvidersConfiguration$HikariPoolDataSourceMetadataProviderConfiguration] is not eligible for getting processed by all BeanPostProcessors (for example: not eligible for auto-proxying)
2021-09-06 15:23:52.563  INFO 24680 --- [restartedMain] trationDelegate$BeanPostProcessorChecker : Bean 'hikariPoolDataSourceMetadataProvider' of type [org.springframework.boot.autoconfigure.jdbc.metadata.DataSourcePoolMetadataProvidersConfiguration$HikariPoolDataSourceMetadataProviderConfiguration$$Lambda$696/0x0000000800566840] is not eligible for getting processed by all BeanPostProcessors (for example: not eligible for auto-proxying)
2021-09-06 15:23:52.565  INFO 24680 --- [restartedMain] trationDelegate$BeanPostProcessorChecker : Bean 'org.springframework.boot.autoconfigure.orm.jpa.HibernateJpaConfiguration' of type [org.springframework.boot.autoconfigure.orm.jpa.HibernateJpaConfiguration] is not eligible for getting processed by all BeanPostProcessors (for example: not eligible for auto-proxying)
2021-09-06 15:23:52.569  INFO 24680 --- [restartedMain] trationDelegate$BeanPostProcessorChecker : Bean 'jpaVendorAdapter' of type [org.springframework.orm.jpa.vendor.HibernateJpaVendorAdapter] is not eligible for getting processed by all BeanPostProcessors (for example: not eligible for auto-proxying)
2021-09-06 15:23:52.571  INFO 24680 --- [restartedMain] trationDelegate$BeanPostProcessorChecker : Bean 'entityManagerFactoryBuilder' of type [org.springframework.boot.orm.jpa.EntityManagerFactoryBuilder] is not eligible for getting processed by all BeanPostProcessors (for example: not eligible for auto-proxying)
2021-09-06 15:23:52.598  INFO 24680 --- [restartedMain] o.hibernate.jpa.internal.util.LogHelper  : HHH000204: Processing PersistenceUnitInfo [name: default]
2021-09-06 15:23:52.633  INFO 24680 --- [restartedMain] org.hibernate.Version                    : HHH000412: Hibernate ORM core version 5.4.32.Final
2021-09-06 15:23:52.728  INFO 24680 --- [restartedMain] o.hibernate.annotations.common.Version   : HCANN000001: Hibernate Commons Annotations {5.1.2.Final}
2021-09-06 15:23:52.801  INFO 24680 --- [restartedMain] com.zaxxer.hikari.HikariDataSource       : HikariPool-1 - Starting...
2021-09-06 15:23:53.012  INFO 24680 --- [restartedMain] com.zaxxer.hikari.HikariDataSource       : HikariPool-1 - Start completed.
2021-09-06 15:23:53.026  INFO 24680 --- [restartedMain] org.hibernate.dialect.Dialect            : HHH000400: Using dialect: org.hibernate.dialect.MySQL8Dialect
2021-09-06 15:23:53.490  INFO 24680 --- [restartedMain] o.h.e.t.j.p.i.JtaPlatformInitiator       : HHH000490: Using JtaPlatform implementation: [org.hibernate.engine.transaction.jta.platform.internal.NoJtaPlatform]
2021-09-06 15:23:53.497  INFO 24680 --- [restartedMain] j.LocalContainerEntityManagerFactoryBean : Initialized JPA EntityManagerFactory for persistence unit 'default'
2021-09-06 15:23:53.501  INFO 24680 --- [restartedMain] trationDelegate$BeanPostProcessorChecker : Bean 'entityManagerFactory' of type [org.springframework.orm.jpa.LocalContainerEntityManagerFactoryBean] is not eligible for getting processed by all BeanPostProcessors (for example: not eligible for auto-proxying)
2021-09-06 15:23:53.501  INFO 24680 --- [restartedMain] trationDelegate$BeanPostProcessorChecker : Bean 'entityManagerFactory' of type [com.sun.proxy.$Proxy91] is not eligible for getting processed by all BeanPostProcessors (for example: not eligible for auto-proxying)
2021-09-06 15:23:53.520  INFO 24680 --- [restartedMain] trationDelegate$BeanPostProcessorChecker : Bean '(inner bean)#7ba5a81f' of type [com.sun.proxy.$Proxy92] is not eligible for getting processed by all BeanPostProcessors (for example: not eligible for auto-proxying)
2021-09-06 15:23:53.523  INFO 24680 --- [restartedMain] trationDelegate$BeanPostProcessorChecker : Bean 'jpaMappingContext' of type [org.springframework.data.jpa.repository.config.JpaMetamodelMappingContextFactoryBean] is not eligible for getting processed by all BeanPostProcessors (for example: not eligible for auto-proxying)
2021-09-06 15:23:53.524  INFO 24680 --- [restartedMain] trationDelegate$BeanPostProcessorChecker : Bean 'jpaMappingContext' of type [org.springframework.data.jpa.mapping.JpaMetamodelMappingContext] is not eligible for getting processed by all BeanPostProcessors (for example: not eligible for auto-proxying)
2021-09-06 15:23:53.695  INFO 24680 --- [restartedMain] trationDelegate$BeanPostProcessorChecker : Bean 'employeeDao' of type [org.springframework.data.jpa.repository.support.JpaRepositoryFactoryBean] is not eligible for getting processed by all BeanPostProcessors (for example: not eligible for auto-proxying)
2021-09-06 15:23:53.695  INFO 24680 --- [restartedMain] trationDelegate$BeanPostProcessorChecker : Bean 'employeeDao' of type [com.sun.proxy.$Proxy95] is not eligible for getting processed by all BeanPostProcessors (for example: not eligible for auto-proxying)
2021-09-06 15:23:53.698  INFO 24680 --- [restartedMain] trationDelegate$BeanPostProcessorChecker : Bean '(inner bean)#30539480' of type [org.springframework.beans.factory.config.PropertiesFactoryBean] is not eligible for getting processed by all BeanPostProcessors (for example: not eligible for auto-proxying)
2021-09-06 15:23:53.698  INFO 24680 --- [restartedMain] trationDelegate$BeanPostProcessorChecker : Bean '(inner bean)#30539480' of type [java.util.Properties] is not eligible for getting processed by all BeanPostProcessors (for example: not eligible for auto-proxying)
2021-09-06 15:23:53.699  INFO 24680 --- [restartedMain] trationDelegate$BeanPostProcessorChecker : Bean '(inner bean)#3a18e04d' of type [org.springframework.data.repository.core.support.PropertiesBasedNamedQueries] is not eligible for getting processed by all BeanPostProcessors (for example: not eligible for auto-proxying)
2021-09-06 15:23:53.699  INFO 24680 --- [restartedMain] trationDelegate$BeanPostProcessorChecker : Bean '(inner bean)#61fc1c5b' of type [org.springframework.data.repository.core.support.RepositoryFragmentsFactoryBean] is not eligible for getting processed by all BeanPostProcessors (for example: not eligible for auto-proxying)
2021-09-06 15:23:53.699  INFO 24680 --- [restartedMain] trationDelegate$BeanPostProcessorChecker : Bean '(inner bean)#61fc1c5b' of type [org.springframework.data.repository.core.support.RepositoryComposition$RepositoryFragments] is not eligible for getting processed by all BeanPostProcessors (for example: not eligible for auto-proxying)
2021-09-06 15:23:53.700  INFO 24680 --- [restartedMain] trationDelegate$BeanPostProcessorChecker : Bean '(inner bean)#4f6d6ec' of type [com.sun.proxy.$Proxy92] is not eligible for getting processed by all BeanPostProcessors (for example: not eligible for auto-proxying)
2021-09-06 15:23:53.725  INFO 24680 --- [restartedMain] trationDelegate$BeanPostProcessorChecker : Bean 'employeeRoleDao' of type [org.springframework.data.jpa.repository.support.JpaRepositoryFactoryBean] is not eligible for getting processed by all BeanPostProcessors (for example: not eligible for auto-proxying)
2021-09-06 15:23:53.726  INFO 24680 --- [restartedMain] trationDelegate$BeanPostProcessorChecker : Bean 'employeeRoleDao' of type [com.sun.proxy.$Proxy97] is not eligible for getting processed by all BeanPostProcessors (for example: not eligible for auto-proxying)
2021-09-06 15:23:53.726  INFO 24680 --- [restartedMain] trationDelegate$BeanPostProcessorChecker : Bean 'employeeRoleService' of type [com.example.logindemo.service.EmployeeRoleService] is not eligible for getting processed by all BeanPostProcessors (for example: not eligible for auto-proxying)
2021-09-06 15:23:53.728  INFO 24680 --- [restartedMain] trationDelegate$BeanPostProcessorChecker : Bean '(inner bean)#1006fcbf' of type [org.springframework.beans.factory.config.PropertiesFactoryBean] is not eligible for getting processed by all BeanPostProcessors (for example: not eligible for auto-proxying)
2021-09-06 15:23:53.729  INFO 24680 --- [restartedMain] trationDelegate$BeanPostProcessorChecker : Bean '(inner bean)#1006fcbf' of type [java.util.Properties] is not eligible for getting processed by all BeanPostProcessors (for example: not eligible for auto-proxying)
2021-09-06 15:23:53.729  INFO 24680 --- [restartedMain] trationDelegate$BeanPostProcessorChecker : Bean '(inner bean)#77a29dfc' of type [org.springframework.data.repository.core.support.PropertiesBasedNamedQueries] is not eligible for getting processed by all BeanPostProcessors (for example: not eligible for auto-proxying)
2021-09-06 15:23:53.729  INFO 24680 --- [restartedMain] trationDelegate$BeanPostProcessorChecker : Bean '(inner bean)#4f2ea435' of type [org.springframework.data.repository.core.support.RepositoryFragmentsFactoryBean] is not eligible for getting processed by all BeanPostProcessors (for example: not eligible for auto-proxying)
2021-09-06 15:23:53.729  INFO 24680 --- [restartedMain] trationDelegate$BeanPostProcessorChecker : Bean '(inner bean)#4f2ea435' of type [org.springframework.data.repository.core.support.RepositoryComposition$RepositoryFragments] is not eligible for getting processed by all BeanPostProcessors (for example: not eligible for auto-proxying)
2021-09-06 15:23:53.730  INFO 24680 --- [restartedMain] trationDelegate$BeanPostProcessorChecker : Bean '(inner bean)#168902cf' of type [com.sun.proxy.$Proxy92] is not eligible for getting processed by all BeanPostProcessors (for example: not eligible for auto-proxying)
2021-09-06 15:23:53.753  INFO 24680 --- [restartedMain] trationDelegate$BeanPostProcessorChecker : Bean 'rolePermissionDao' of type [org.springframework.data.jpa.repository.support.JpaRepositoryFactoryBean] is not eligible for getting processed by all BeanPostProcessors (for example: not eligible for auto-proxying)
2021-09-06 15:23:53.753  INFO 24680 --- [restartedMain] trationDelegate$BeanPostProcessorChecker : Bean 'rolePermissionDao' of type [com.sun.proxy.$Proxy98] is not eligible for getting processed by all BeanPostProcessors (for example: not eligible for auto-proxying)
2021-09-06 15:23:53.755  INFO 24680 --- [restartedMain] trationDelegate$BeanPostProcessorChecker : Bean '(inner bean)#5e0e22c9' of type [org.springframework.beans.factory.config.PropertiesFactoryBean] is not eligible for getting processed by all BeanPostProcessors (for example: not eligible for auto-proxying)
2021-09-06 15:23:53.755  INFO 24680 --- [restartedMain] trationDelegate$BeanPostProcessorChecker : Bean '(inner bean)#5e0e22c9' of type [java.util.Properties] is not eligible for getting processed by all BeanPostProcessors (for example: not eligible for auto-proxying)
2021-09-06 15:23:53.755  INFO 24680 --- [restartedMain] trationDelegate$BeanPostProcessorChecker : Bean '(inner bean)#62a35f99' of type [org.springframework.data.repository.core.support.PropertiesBasedNamedQueries] is not eligible for getting processed by all BeanPostProcessors (for example: not eligible for auto-proxying)
2021-09-06 15:23:53.755  INFO 24680 --- [restartedMain] trationDelegate$BeanPostProcessorChecker : Bean '(inner bean)#1bf7f9bc' of type [org.springframework.data.repository.core.support.RepositoryFragmentsFactoryBean] is not eligible for getting processed by all BeanPostProcessors (for example: not eligible for auto-proxying)
2021-09-06 15:23:53.756  INFO 24680 --- [restartedMain] trationDelegate$BeanPostProcessorChecker : Bean '(inner bean)#1bf7f9bc' of type [org.springframework.data.repository.core.support.RepositoryComposition$RepositoryFragments] is not eligible for getting processed by all BeanPostProcessors (for example: not eligible for auto-proxying)
2021-09-06 15:23:53.756  INFO 24680 --- [restartedMain] trationDelegate$BeanPostProcessorChecker : Bean '(inner bean)#526f738c' of type [com.sun.proxy.$Proxy92] is not eligible for getting processed by all BeanPostProcessors (for example: not eligible for auto-proxying)
2021-09-06 15:23:53.774  INFO 24680 --- [restartedMain] trationDelegate$BeanPostProcessorChecker : Bean 'permissionDao' of type [org.springframework.data.jpa.repository.support.JpaRepositoryFactoryBean] is not eligible for getting processed by all BeanPostProcessors (for example: not eligible for auto-proxying)
2021-09-06 15:23:53.774  INFO 24680 --- [restartedMain] trationDelegate$BeanPostProcessorChecker : Bean 'permissionDao' of type [com.sun.proxy.$Proxy99] is not eligible for getting processed by all BeanPostProcessors (for example: not eligible for auto-proxying)
2021-09-06 15:23:53.778  INFO 24680 --- [restartedMain] trationDelegate$BeanPostProcessorChecker : Bean '(inner bean)#462bd95f' of type [org.springframework.beans.factory.config.PropertiesFactoryBean] is not eligible for getting processed by all BeanPostProcessors (for example: not eligible for auto-proxying)
2021-09-06 15:23:53.778  INFO 24680 --- [restartedMain] trationDelegate$BeanPostProcessorChecker : Bean '(inner bean)#462bd95f' of type [java.util.Properties] is not eligible for getting processed by all BeanPostProcessors (for example: not eligible for auto-proxying)
2021-09-06 15:23:53.779  INFO 24680 --- [restartedMain] trationDelegate$BeanPostProcessorChecker : Bean '(inner bean)#4a1d46a4' of type [org.springframework.data.repository.core.support.PropertiesBasedNamedQueries] is not eligible for getting processed by all BeanPostProcessors (for example: not eligible for auto-proxying)
2021-09-06 15:23:53.779  INFO 24680 --- [restartedMain] trationDelegate$BeanPostProcessorChecker : Bean '(inner bean)#76f4fb7c' of type [org.springframework.data.repository.core.support.RepositoryFragmentsFactoryBean] is not eligible for getting processed by all BeanPostProcessors (for example: not eligible for auto-proxying)
2021-09-06 15:23:53.779  INFO 24680 --- [restartedMain] trationDelegate$BeanPostProcessorChecker : Bean '(inner bean)#76f4fb7c' of type [org.springframework.data.repository.core.support.RepositoryComposition$RepositoryFragments] is not eligible for getting processed by all BeanPostProcessors (for example: not eligible for auto-proxying)
2021-09-06 15:23:53.780  INFO 24680 --- [restartedMain] trationDelegate$BeanPostProcessorChecker : Bean '(inner bean)#4d8c0567' of type [com.sun.proxy.$Proxy92] is not eligible for getting processed by all BeanPostProcessors (for example: not eligible for auto-proxying)
2021-09-06 15:23:53.850  INFO 24680 --- [restartedMain] trationDelegate$BeanPostProcessorChecker : Bean 'roleDao' of type [org.springframework.data.jpa.repository.support.JpaRepositoryFactoryBean] is not eligible for getting processed by all BeanPostProcessors (for example: not eligible for auto-proxying)
2021-09-06 15:23:53.850  INFO 24680 --- [restartedMain] trationDelegate$BeanPostProcessorChecker : Bean 'roleDao' of type [com.sun.proxy.$Proxy103] is not eligible for getting processed by all BeanPostProcessors (for example: not eligible for auto-proxying)
2021-09-06 15:23:53.851  INFO 24680 --- [restartedMain] trationDelegate$BeanPostProcessorChecker : Bean 'permissionService' of type [com.example.logindemo.service.PermissionService] is not eligible for getting processed by all BeanPostProcessors (for example: not eligible for auto-proxying)
2021-09-06 15:23:53.851  INFO 24680 --- [restartedMain] trationDelegate$BeanPostProcessorChecker : Bean 'roleService' of type [com.example.logindemo.service.RoleService] is not eligible for getting processed by all BeanPostProcessors (for example: not eligible for auto-proxying)
2021-09-06 15:23:53.852  INFO 24680 --- [restartedMain] trationDelegate$BeanPostProcessorChecker : Bean 'rolePermissionService' of type [com.example.logindemo.service.RolePermissionService] is not eligible for getting processed by all BeanPostProcessors (for example: not eligible for auto-proxying)
2021-09-06 15:23:53.852  INFO 24680 --- [restartedMain] trationDelegate$BeanPostProcessorChecker : Bean 'employeeService' of type [com.example.logindemo.service.EmployeeService] is not eligible for getting processed by all BeanPostProcessors (for example: not eligible for auto-proxying)
2021-09-06 15:23:53.852  INFO 24680 --- [restartedMain] trationDelegate$BeanPostProcessorChecker : Bean 'shiroRealm' of type [com.example.logindemo.shiro.ShiroRealm] is not eligible for getting processed by all BeanPostProcessors (for example: not eligible for auto-proxying)
2021-09-06 15:23:53.853  INFO 24680 --- [restartedMain] trationDelegate$BeanPostProcessorChecker : Bean 'sessionStorageEvaluator' of type [org.apache.shiro.mgt.DefaultSessionStorageEvaluator] is not eligible for getting processed by all BeanPostProcessors (for example: not eligible for auto-proxying)
2021-09-06 15:23:53.855  INFO 24680 --- [restartedMain] trationDelegate$BeanPostProcessorChecker : Bean 'subjectFactory' of type [com.example.logindemo.shiro.ShiroDefaultSubjectFactory] is not eligible for getting processed by all BeanPostProcessors (for example: not eligible for auto-proxying)
2021-09-06 15:23:53.859  INFO 24680 --- [restartedMain] trationDelegate$BeanPostProcessorChecker : Bean 'sessionManager' of type [org.apache.shiro.session.mgt.DefaultSessionManager] is not eligible for getting processed by all BeanPostProcessors (for example: not eligible for auto-proxying)
2021-09-06 15:23:53.867  WARN 24680 --- [restartedMain] o.a.s.web.mgt.DefaultWebSecurityManager  : The org.apache.shiro.web.mgt.DefaultWebSecurityManager implementation expects SessionManager instances that implement the org.apache.shiro.web.session.mgt.WebSessionManager interface.  The configured instance is of type [org.apache.shiro.session.mgt.DefaultSessionManager] which does not implement this interface..  This may cause unexpected behavior.
2021-09-06 15:23:53.868  INFO 24680 --- [restartedMain] trationDelegate$BeanPostProcessorChecker : Bean 'securityManager' of type [org.apache.shiro.web.mgt.DefaultWebSecurityManager] is not eligible for getting processed by all BeanPostProcessors (for example: not eligible for auto-proxying)
2021-09-06 15:23:53.898  INFO 24680 --- [restartedMain] trationDelegate$BeanPostProcessorChecker : Bean 'authorizationAttributeSourceAdvisor' of type [org.apache.shiro.spring.security.interceptor.AuthorizationAttributeSourceAdvisor] is not eligible for getting processed by all BeanPostProcessors (for example: not eligible for auto-proxying)
2021-09-06 15:23:54.195  INFO 24680 --- [restartedMain] o.s.b.w.embedded.tomcat.TomcatWebServer  : Tomcat initialized with port(s): 8080 (http)
2021-09-06 15:23:54.204  INFO 24680 --- [restartedMain] o.apache.catalina.core.StandardService   : Starting service [Tomcat]
2021-09-06 15:23:54.205  INFO 24680 --- [restartedMain] org.apache.catalina.core.StandardEngine  : Starting Servlet engine: [Apache Tomcat/9.0.48]
2021-09-06 15:23:54.348  INFO 24680 --- [restartedMain] o.a.c.c.C.[Tomcat].[localhost].[/]       : Initializing Spring embedded WebApplicationContext
2021-09-06 15:23:54.348  INFO 24680 --- [restartedMain] w.s.c.ServletWebServerApplicationContext : Root WebApplicationContext: initialization completed in 2849 ms
2021-09-06 15:23:54.891  INFO 24680 --- [restartedMain] org.quartz.impl.StdSchedulerFactory      : Using default implementation for ThreadExecutor
2021-09-06 15:23:54.899  INFO 24680 --- [restartedMain] org.quartz.core.SchedulerSignalerImpl    : Initialized Scheduler Signaller of type: class org.quartz.core.SchedulerSignalerImpl
2021-09-06 15:23:54.899  INFO 24680 --- [restartedMain] org.quartz.core.QuartzScheduler          : Quartz Scheduler v.2.3.2 created.
2021-09-06 15:23:54.900  INFO 24680 --- [restartedMain] org.quartz.simpl.RAMJobStore             : RAMJobStore initialized.
2021-09-06 15:23:54.900  INFO 24680 --- [restartedMain] org.quartz.core.QuartzScheduler          : Scheduler meta-data: Quartz Scheduler (v2.3.2) 'quartzScheduler' with instanceId 'NON_CLUSTERED'
  Scheduler class: 'org.quartz.core.QuartzScheduler' - running locally.
  NOT STARTED.
  Currently in standby mode.
  Number of jobs executed: 0
  Using thread pool 'org.quartz.simpl.SimpleThreadPool' - with 10 threads.
  Using job-store 'org.quartz.simpl.RAMJobStore' - which does not support persistence. and is not clustered.

2021-09-06 15:23:54.900  INFO 24680 --- [restartedMain] org.quartz.impl.StdSchedulerFactory      : Quartz scheduler 'quartzScheduler' initialized from an externally provided properties instance.
2021-09-06 15:23:54.900  INFO 24680 --- [restartedMain] org.quartz.impl.StdSchedulerFactory      : Quartz scheduler version: 2.3.2
2021-09-06 15:23:54.900  INFO 24680 --- [restartedMain] org.quartz.core.QuartzScheduler          : JobFactory set to: org.springframework.scheduling.quartz.SpringBeanJobFactory@15a5d9ec
2021-09-06 15:23:54.936  INFO 24680 --- [restartedMain] o.s.b.d.a.OptionalLiveReloadServer       : LiveReload server is running on port 35729
2021-09-06 15:23:54.969  INFO 24680 --- [restartedMain] o.s.b.w.embedded.tomcat.TomcatWebServer  : Tomcat started on port(s): 8080 (http) with context path ''
2021-09-06 15:23:54.970  INFO 24680 --- [restartedMain] o.s.s.quartz.SchedulerFactoryBean        : Starting Quartz Scheduler now
2021-09-06 15:23:54.971  INFO 24680 --- [restartedMain] org.quartz.core.QuartzScheduler          : Scheduler quartzScheduler_$_NON_CLUSTERED started.
2021-09-06 15:23:54.978  INFO 24680 --- [restartedMain] c.e.logindemo.LoginDemoApplication       : Started LoginDemoApplication in 3.832 seconds (JVM running for 5.326)
2021-09-06 15:24:08.045  INFO 24680 --- [http-nio-8080-exec-2] o.a.c.c.C.[Tomcat].[localhost].[/]       : Initializing Spring DispatcherServlet 'dispatcherServlet'
2021-09-06 15:24:08.047  INFO 24680 --- [http-nio-8080-exec-2] o.s.web.servlet.DispatcherServlet        : Initializing Servlet 'dispatcherServlet'
2021-09-06 15:24:08.048  INFO 24680 --- [http-nio-8080-exec-2] o.s.web.servlet.DispatcherServlet        : Completed initialization in 1 ms
2021-09-06 15:24:09.930 DEBUG 24680 --- [http-nio-8080-exec-2] c.example.logindemo.service.UserService  : 更新用户1的redis成功
2021-09-06 15:24:09.930  INFO 24680 --- [http-nio-8080-exec-2] c.e.logindemo.controller.UserController  : 用户1登录成功
2021-09-06 15:24:13.779 DEBUG 24680 --- [http-nio-8080-exec-4] c.e.logindemo.service.EmployeeService    : 更新员工root的redis成功
2021-09-06 15:24:13.780  INFO 24680 --- [http-nio-8080-exec-4] c.e.l.controller.EmployeeController      : 员工root登录成功
2021-09-06 15:24:16.378  WARN 24680 --- [http-nio-8080-exec-3] c.e.logindemo.error.ErrorController      : The Token has expired on Mon Aug 30 10:24:14 CST 2021.
